<?xml version="1.0" encoding="UTF-8"?>
<!-- Generated by org.testng.reporters.JUnitReportReporter -->
<testsuite skipped="0" hostname="DESKTOP-MB1KITO" name="com.TestCases.LoginPageTest" tests="4" failures="0" timestamp="03 Apr 2019 02:57:29 GMT" time="111.887" errors="0">
  <testcase name="TestLogo" time="32.985" classname="com.TestCases.LoginPageTest"/>
  <testcase name="TestTitle" time="20.509" classname="com.TestCases.LoginPageTest"/>
  <testcase name="TestLogin" time="36.931" classname="com.TestCases.LoginPageTest"/>
  <testcase name="TestErrorMessage" time="21.462" classname="com.TestCases.LoginPageTest"/>
</testsuite> <!-- com.TestCases.LoginPageTest -->
