<?xml version="1.0" encoding="UTF-8"?>
<!-- Generated by org.testng.reporters.JUnitReportReporter -->
<testsuite hostname="DESKTOP-MB1KITO" failures="0" tests="4" name="com.TestCases.LoginPageTest" time="43.205" errors="0" timestamp="14 Mar 2019 17:37:29 GMT" skipped="0">
  <testcase classname="com.TestCases.LoginPageTest" name="TestLogo" time="9.398"/>
  <testcase classname="com.TestCases.LoginPageTest" name="TestTitle" time="10.507"/>
  <testcase classname="com.TestCases.LoginPageTest" name="TestLogin" time="12.350"/>
  <testcase classname="com.TestCases.LoginPageTest" name="TestErrorMessage" time="10.950"/>
</testsuite> <!-- com.TestCases.LoginPageTest -->
