<?xml version="1.0" encoding="UTF-8"?>
<!-- Generated by org.testng.reporters.JUnitReportReporter -->
<testsuite skipped="0" hostname="DESKTOP-MB1KITO" name="com.TestCases.LoginPageTest" tests="4" failures="0" timestamp="14 Apr 2019 18:21:45 GMT" time="41.871" errors="0">
  <testcase name="TestLogo" time="9.005" classname="com.TestCases.LoginPageTest"/>
  <testcase name="TestTitle" time="9.507" classname="com.TestCases.LoginPageTest"/>
  <testcase name="TestLogin" time="12.187" classname="com.TestCases.LoginPageTest"/>
  <testcase name="TestErrorMessage" time="11.172" classname="com.TestCases.LoginPageTest"/>
</testsuite> <!-- com.TestCases.LoginPageTest -->
