<?xml version="1.0" encoding="UTF-8"?>
<!-- Generated by org.testng.reporters.JUnitReportReporter -->
<testsuite skipped="1" hostname="DESKTOP-MB1KITO" name="com.TestCases.ProductNServicesPageTest" tests="1" failures="0" timestamp="15 Apr 2019 00:27:10 GMT" time="0.000" errors="0">
  <testcase name="CreateNewOrder" time="0.000" classname="com.TestCases.ProductNServicesPageTest">
    <skipped/>
  </testcase> <!-- CreateNewOrder -->
</testsuite> <!-- com.TestCases.ProductNServicesPageTest -->
